{"D:\\Enterprise\\sequelize-and-node\\server.js": {"path":"D:\\Enterprise\\sequelize-and-node\\server.js","statementMap":{"0":{"start":{"line":3,"column":12},"end":{"line":3,"column":34}},"1":{"start":{"line":5,"column":0},"end":{"line":9,"column":1}},"2":{"start":{"line":6,"column":4},"end":{"line":8,"column":7}},"3":{"start":{"line":7,"column":8},"end":{"line":7,"column":77}},"4":{"start":{"line":11,"column":0},"end":{"line":11,"column":21}}},"fnMap":{"0":{"name":"(anonymous_0)","decl":{"start":{"line":6,"column":46},"end":{"line":6,"column":47}},"loc":{"start":{"line":6,"column":52},"end":{"line":8,"column":5}},"line":6}},"branchMap":{"0":{"loc":{"start":{"line":5,"column":0},"end":{"line":9,"column":1}},"type":"if","locations":[{"start":{"line":5,"column":0},"end":{"line":9,"column":1}},{"start":{"line":5,"column":0},"end":{"line":9,"column":1}}],"line":5},"1":{"loc":{"start":{"line":6,"column":15},"end":{"line":6,"column":44}},"type":"binary-expr","locations":[{"start":{"line":6,"column":15},"end":{"line":6,"column":36}},{"start":{"line":6,"column":40},"end":{"line":6,"column":44}}],"line":6},"2":{"loc":{"start":{"line":7,"column":44},"end":{"line":7,"column":73}},"type":"binary-expr","locations":[{"start":{"line":7,"column":44},"end":{"line":7,"column":65}},{"start":{"line":7,"column":69},"end":{"line":7,"column":73}}],"line":7}},"s":{"0":2,"1":2,"2":0,"3":0,"4":2},"f":{"0":0},"b":{"0":[0,2],"1":[0,0],"2":[0,0]},"_coverageSchema":"1a1c01bbd47fc00a2c39e90264f33305004495a9","hash":"c4ab1ec2b2a286a040fce335743e311c39628017"}
,"D:\\Enterprise\\sequelize-and-node\\app\\auth.grade.js": {"path":"D:\\Enterprise\\sequelize-and-node\\app\\auth.grade.js","statementMap":{"0":{"start":{"line":1,"column":12},"end":{"line":1,"column":35}},"1":{"start":{"line":3,"column":15},"end":{"line":3,"column":41}},"2":{"start":{"line":5,"column":0},"end":{"line":31,"column":2}},"3":{"start":{"line":9,"column":31},"end":{"line":9,"column":59}},"4":{"start":{"line":10,"column":26},"end":{"line":10,"column":64}},"5":{"start":{"line":11,"column":12},"end":{"line":11,"column":58}},"6":{"start":{"line":11,"column":31},"end":{"line":11,"column":58}},"7":{"start":{"line":14,"column":12},"end":{"line":19,"column":15}},"8":{"start":{"line":15,"column":16},"end":{"line":15,"column":33}},"9":{"start":{"line":16,"column":16},"end":{"line":16,"column":52}},"10":{"start":{"line":16,"column":25},"end":{"line":16,"column":52}},"11":{"start":{"line":17,"column":16},"end":{"line":17,"column":32}},"12":{"start":{"line":18,"column":16},"end":{"line":18,"column":22}},"13":{"start":{"line":26,"column":12},"end":{"line":26,"column":117}},"14":{"start":{"line":30,"column":4},"end":{"line":30,"column":27}}},"fnMap":{"0":{"name":"(anonymous_0)","decl":{"start":{"line":5,"column":17},"end":{"line":5,"column":18}},"loc":{"start":{"line":5,"column":23},"end":{"line":31,"column":1}},"line":5},"1":{"name":"(anonymous_1)","decl":{"start":{"line":7,"column":8},"end":{"line":7,"column":9}},"loc":{"start":{"line":7,"column":42},"end":{"line":20,"column":9}},"line":7},"2":{"name":"(anonymous_2)","decl":{"start":{"line":14,"column":64},"end":{"line":14,"column":65}},"loc":{"start":{"line":14,"column":79},"end":{"line":19,"column":13}},"line":14},"3":{"name":"(anonymous_3)","decl":{"start":{"line":24,"column":8},"end":{"line":24,"column":9}},"loc":{"start":{"line":24,"column":38},"end":{"line":27,"column":9}},"line":24}},"branchMap":{"0":{"loc":{"start":{"line":10,"column":26},"end":{"line":10,"column":64}},"type":"binary-expr","locations":[{"start":{"line":10,"column":26},"end":{"line":10,"column":36}},{"start":{"line":10,"column":40},"end":{"line":10,"column":64}}],"line":10},"1":{"loc":{"start":{"line":11,"column":12},"end":{"line":11,"column":58}},"type":"if","locations":[{"start":{"line":11,"column":12},"end":{"line":11,"column":58}},{"start":{"line":11,"column":12},"end":{"line":11,"column":58}}],"line":11},"2":{"loc":{"start":{"line":16,"column":16},"end":{"line":16,"column":52}},"type":"if","locations":[{"start":{"line":16,"column":16},"end":{"line":16,"column":52}},{"start":{"line":16,"column":16},"end":{"line":16,"column":52}}],"line":16}},"s":{"0":2,"1":2,"2":2,"3":23,"4":23,"5":23,"6":0,"7":23,"8":23,"9":23,"10":0,"11":23,"12":23,"13":0,"14":2},"f":{"0":2,"1":23,"2":23,"3":0},"b":{"0":[23,23],"1":[0,23],"2":[0,23]},"_coverageSchema":"1a1c01bbd47fc00a2c39e90264f33305004495a9","hash":"6c8e4ff8e350f5620839ba4119b1b2ec749a70bb"}
,"D:\\Enterprise\\sequelize-and-node\\app\\index.js": {"path":"D:\\Enterprise\\sequelize-and-node\\app\\index.js","statementMap":{"0":{"start":{"line":5,"column":16},"end":{"line":5,"column":34}},"1":{"start":{"line":6,"column":11},"end":{"line":6,"column":26}},"2":{"start":{"line":7,"column":11},"end":{"line":7,"column":31}},"3":{"start":{"line":8,"column":18},"end":{"line":8,"column":41}},"4":{"start":{"line":10,"column":15},"end":{"line":10,"column":35}},"5":{"start":{"line":11,"column":0},"end":{"line":11,"column":51}},"6":{"start":{"line":17,"column":8},"end":{"line":17,"column":33}},"7":{"start":{"line":18,"column":8},"end":{"line":18,"column":24}},"8":{"start":{"line":19,"column":8},"end":{"line":19,"column":27}},"9":{"start":{"line":20,"column":8},"end":{"line":20,"column":22}},"10":{"start":{"line":29,"column":8},"end":{"line":29,"column":64}},"11":{"start":{"line":30,"column":8},"end":{"line":30,"column":41}},"12":{"start":{"line":31,"column":8},"end":{"line":31,"column":33}},"13":{"start":{"line":35,"column":8},"end":{"line":35,"column":41}},"14":{"start":{"line":39,"column":0},"end":{"line":39,"column":35}}},"fnMap":{"0":{"name":"(anonymous_0)","decl":{"start":{"line":16,"column":4},"end":{"line":16,"column":5}},"loc":{"start":{"line":16,"column":18},"end":{"line":21,"column":5}},"line":16},"1":{"name":"(anonymous_1)","decl":{"start":{"line":23,"column":4},"end":{"line":23,"column":5}},"loc":{"start":{"line":23,"column":15},"end":{"line":25,"column":5}},"line":23},"2":{"name":"(anonymous_2)","decl":{"start":{"line":27,"column":4},"end":{"line":27,"column":5}},"loc":{"start":{"line":27,"column":18},"end":{"line":32,"column":5}},"line":27},"3":{"name":"(anonymous_3)","decl":{"start":{"line":34,"column":4},"end":{"line":34,"column":5}},"loc":{"start":{"line":34,"column":13},"end":{"line":36,"column":5}},"line":34}},"branchMap":{},"s":{"0":2,"1":2,"2":2,"3":2,"4":2,"5":2,"6":2,"7":2,"8":2,"9":2,"10":2,"11":2,"12":2,"13":2,"14":2},"f":{"0":2,"1":2,"2":2,"3":2},"b":{},"_coverageSchema":"1a1c01bbd47fc00a2c39e90264f33305004495a9","hash":"e80977584d9706beaafa2552bdc4c6674f7d2dcc"}
,"D:\\Enterprise\\sequelize-and-node\\app\\routes\\index.js": {"path":"D:\\Enterprise\\sequelize-and-node\\app\\routes\\index.js","statementMap":{"0":{"start":{"line":3,"column":0},"end":{"line":8,"column":2}},"1":{"start":{"line":5,"column":4},"end":{"line":5,"column":74}},"2":{"start":{"line":6,"column":4},"end":{"line":6,"column":52}}},"fnMap":{"0":{"name":"(anonymous_0)","decl":{"start":{"line":3,"column":17},"end":{"line":3,"column":18}},"loc":{"start":{"line":3,"column":44},"end":{"line":8,"column":1}},"line":3}},"branchMap":{},"s":{"0":2,"1":2,"2":2},"f":{"0":2},"b":{},"_coverageSchema":"1a1c01bbd47fc00a2c39e90264f33305004495a9","hash":"ac8c3c121dce7781ce64f20d91fbf7176c4c8ce2"}
,"D:\\Enterprise\\sequelize-and-node\\app\\routes\\languages.route.js": {"path":"D:\\Enterprise\\sequelize-and-node\\app\\routes\\languages.route.js","statementMap":{"0":{"start":{"line":3,"column":0},"end":{"line":10,"column":2}},"1":{"start":{"line":4,"column":31},"end":{"line":4,"column":84}},"2":{"start":{"line":5,"column":4},"end":{"line":5,"column":76}},"3":{"start":{"line":6,"column":4},"end":{"line":6,"column":81}},"4":{"start":{"line":7,"column":4},"end":{"line":7,"column":76}},"5":{"start":{"line":8,"column":4},"end":{"line":8,"column":82}},"6":{"start":{"line":9,"column":4},"end":{"line":9,"column":76}}},"fnMap":{"0":{"name":"(anonymous_0)","decl":{"start":{"line":3,"column":17},"end":{"line":3,"column":18}},"loc":{"start":{"line":3,"column":52},"end":{"line":10,"column":1}},"line":3}},"branchMap":{},"s":{"0":2,"1":2,"2":2,"3":2,"4":2,"5":2,"6":2},"f":{"0":2},"b":{},"_coverageSchema":"1a1c01bbd47fc00a2c39e90264f33305004495a9","hash":"b5cb24d9c9a9f8e18f9e3af173adde881b5b3748"}
,"D:\\Enterprise\\sequelize-and-node\\app\\routes\\users.route.js": {"path":"D:\\Enterprise\\sequelize-and-node\\app\\routes\\users.route.js","statementMap":{"0":{"start":{"line":3,"column":0},"end":{"line":12,"column":2}},"1":{"start":{"line":4,"column":27},"end":{"line":4,"column":86}},"2":{"start":{"line":6,"column":4},"end":{"line":6,"column":61}},"3":{"start":{"line":7,"column":4},"end":{"line":7,"column":77}},"4":{"start":{"line":8,"column":4},"end":{"line":8,"column":82}},"5":{"start":{"line":9,"column":4},"end":{"line":9,"column":78}},"6":{"start":{"line":10,"column":4},"end":{"line":10,"column":84}},"7":{"start":{"line":11,"column":4},"end":{"line":11,"column":78}}},"fnMap":{"0":{"name":"(anonymous_0)","decl":{"start":{"line":3,"column":17},"end":{"line":3,"column":18}},"loc":{"start":{"line":3,"column":44},"end":{"line":12,"column":1}},"line":3}},"branchMap":{},"s":{"0":2,"1":2,"2":2,"3":2,"4":2,"5":2,"6":2,"7":2},"f":{"0":2},"b":{},"_coverageSchema":"1a1c01bbd47fc00a2c39e90264f33305004495a9","hash":"d2e7f01febb6a74eba7473e7064912fd15ddc5de"}
,"D:\\Enterprise\\sequelize-and-node\\controllers\\languages.controller.js": {"path":"D:\\Enterprise\\sequelize-and-node\\controllers\\languages.controller.js","statementMap":{"0":{"start":{"line":5,"column":0},"end":{"line":97,"column":2}},"1":{"start":{"line":7,"column":19},"end":{"line":7,"column":39}},"2":{"start":{"line":8,"column":21},"end":{"line":8,"column":32}},"3":{"start":{"line":13,"column":12},"end":{"line":20,"column":13}},"4":{"start":{"line":14,"column":34},"end":{"line":14,"column":79}},"5":{"start":{"line":16,"column":16},"end":{"line":16,"column":43}},"6":{"start":{"line":18,"column":16},"end":{"line":18,"column":74}},"7":{"start":{"line":19,"column":16},"end":{"line":19,"column":49}},"8":{"start":{"line":24,"column":12},"end":{"line":39,"column":13}},"9":{"start":{"line":34,"column":33},"end":{"line":34,"column":108}},"10":{"start":{"line":35,"column":16},"end":{"line":35,"column":42}},"11":{"start":{"line":37,"column":16},"end":{"line":37,"column":77}},"12":{"start":{"line":38,"column":16},"end":{"line":38,"column":49}},"13":{"start":{"line":43,"column":12},"end":{"line":57,"column":13}},"14":{"start":{"line":44,"column":33},"end":{"line":51,"column":18}},"15":{"start":{"line":52,"column":16},"end":{"line":52,"column":38}},"16":{"start":{"line":53,"column":16},"end":{"line":53,"column":42}},"17":{"start":{"line":55,"column":16},"end":{"line":55,"column":77}},"18":{"start":{"line":56,"column":16},"end":{"line":56,"column":49}},"19":{"start":{"line":61,"column":12},"end":{"line":78,"column":13}},"20":{"start":{"line":63,"column":33},"end":{"line":63,"column":81}},"21":{"start":{"line":64,"column":36},"end":{"line":71,"column":17}},"22":{"start":{"line":73,"column":16},"end":{"line":73,"column":51}},"23":{"start":{"line":74,"column":16},"end":{"line":74,"column":42}},"24":{"start":{"line":76,"column":16},"end":{"line":76,"column":78}},"25":{"start":{"line":77,"column":16},"end":{"line":77,"column":49}},"26":{"start":{"line":82,"column":12},"end":{"line":92,"column":13}},"27":{"start":{"line":83,"column":33},"end":{"line":83,"column":69}},"28":{"start":{"line":85,"column":16},"end":{"line":87,"column":17}},"29":{"start":{"line":86,"column":20},"end":{"line":86,"column":58}},"30":{"start":{"line":88,"column":16},"end":{"line":88,"column":56}},"31":{"start":{"line":90,"column":16},"end":{"line":90,"column":62}},"32":{"start":{"line":91,"column":16},"end":{"line":91,"column":49}},"33":{"start":{"line":96,"column":3},"end":{"line":96,"column":36}}},"fnMap":{"0":{"name":"(anonymous_0)","decl":{"start":{"line":5,"column":17},"end":{"line":5,"column":18}},"loc":{"start":{"line":5,"column":25},"end":{"line":97,"column":1}},"line":5},"1":{"name":"(anonymous_1)","decl":{"start":{"line":12,"column":8},"end":{"line":12,"column":9}},"loc":{"start":{"line":12,"column":32},"end":{"line":21,"column":9}},"line":12},"2":{"name":"(anonymous_2)","decl":{"start":{"line":23,"column":8},"end":{"line":23,"column":9}},"loc":{"start":{"line":23,"column":33},"end":{"line":40,"column":9}},"line":23},"3":{"name":"(anonymous_3)","decl":{"start":{"line":42,"column":8},"end":{"line":42,"column":9}},"loc":{"start":{"line":42,"column":31},"end":{"line":58,"column":9}},"line":42},"4":{"name":"(anonymous_4)","decl":{"start":{"line":60,"column":8},"end":{"line":60,"column":9}},"loc":{"start":{"line":60,"column":28},"end":{"line":79,"column":9}},"line":60},"5":{"name":"(anonymous_5)","decl":{"start":{"line":81,"column":8},"end":{"line":81,"column":9}},"loc":{"start":{"line":81,"column":31},"end":{"line":93,"column":9}},"line":81}},"branchMap":{"0":{"loc":{"start":{"line":85,"column":16},"end":{"line":87,"column":17}},"type":"if","locations":[{"start":{"line":85,"column":16},"end":{"line":87,"column":17}},{"start":{"line":85,"column":16},"end":{"line":87,"column":17}}],"line":85}},"s":{"0":2,"1":2,"2":2,"3":1,"4":1,"5":1,"6":0,"7":0,"8":1,"9":1,"10":1,"11":0,"12":0,"13":5,"14":5,"15":5,"16":5,"17":0,"18":0,"19":1,"20":1,"21":1,"22":1,"23":1,"24":0,"25":0,"26":1,"27":1,"28":1,"29":0,"30":1,"31":0,"32":0,"33":2},"f":{"0":2,"1":1,"2":1,"3":5,"4":1,"5":1},"b":{"0":[0,1]},"_coverageSchema":"1a1c01bbd47fc00a2c39e90264f33305004495a9","hash":"6f95d454f28b458b7743a189f01663caf298b826"}
,"D:\\Enterprise\\sequelize-and-node\\controllers\\users.controller.js": {"path":"D:\\Enterprise\\sequelize-and-node\\controllers\\users.controller.js","statementMap":{"0":{"start":{"line":3,"column":0},"end":{"line":96,"column":2}},"1":{"start":{"line":4,"column":16},"end":{"line":4,"column":30}},"2":{"start":{"line":5,"column":19},"end":{"line":5,"column":39}},"3":{"start":{"line":6,"column":17},"end":{"line":6,"column":24}},"4":{"start":{"line":11,"column":12},"end":{"line":18,"column":13}},"5":{"start":{"line":12,"column":30},"end":{"line":12,"column":76}},"6":{"start":{"line":14,"column":16},"end":{"line":14,"column":39}},"7":{"start":{"line":16,"column":16},"end":{"line":16,"column":70}},"8":{"start":{"line":17,"column":16},"end":{"line":17,"column":49}},"9":{"start":{"line":22,"column":12},"end":{"line":37,"column":13}},"10":{"start":{"line":32,"column":29},"end":{"line":32,"column":105}},"11":{"start":{"line":33,"column":16},"end":{"line":33,"column":38}},"12":{"start":{"line":35,"column":16},"end":{"line":35,"column":73}},"13":{"start":{"line":36,"column":16},"end":{"line":36,"column":49}},"14":{"start":{"line":41,"column":12},"end":{"line":53,"column":13}},"15":{"start":{"line":42,"column":29},"end":{"line":47,"column":18}},"16":{"start":{"line":48,"column":16},"end":{"line":48,"column":34}},"17":{"start":{"line":49,"column":16},"end":{"line":49,"column":38}},"18":{"start":{"line":51,"column":16},"end":{"line":51,"column":73}},"19":{"start":{"line":52,"column":16},"end":{"line":52,"column":49}},"20":{"start":{"line":57,"column":12},"end":{"line":72,"column":13}},"21":{"start":{"line":59,"column":29},"end":{"line":59,"column":73}},"22":{"start":{"line":60,"column":32},"end":{"line":65,"column":17}},"23":{"start":{"line":67,"column":16},"end":{"line":67,"column":43}},"24":{"start":{"line":68,"column":16},"end":{"line":68,"column":38}},"25":{"start":{"line":70,"column":16},"end":{"line":70,"column":74}},"26":{"start":{"line":71,"column":16},"end":{"line":71,"column":49}},"27":{"start":{"line":76,"column":12},"end":{"line":86,"column":13}},"28":{"start":{"line":77,"column":29},"end":{"line":77,"column":61}},"29":{"start":{"line":79,"column":16},"end":{"line":81,"column":17}},"30":{"start":{"line":80,"column":20},"end":{"line":80,"column":54}},"31":{"start":{"line":82,"column":16},"end":{"line":82,"column":56}},"32":{"start":{"line":84,"column":16},"end":{"line":84,"column":58}},"33":{"start":{"line":85,"column":16},"end":{"line":85,"column":49}},"34":{"start":{"line":90,"column":26},"end":{"line":90,"column":88}},"35":{"start":{"line":91,"column":12},"end":{"line":91,"column":28}},"36":{"start":{"line":95,"column":3},"end":{"line":95,"column":32}}},"fnMap":{"0":{"name":"(anonymous_0)","decl":{"start":{"line":3,"column":17},"end":{"line":3,"column":18}},"loc":{"start":{"line":3,"column":35},"end":{"line":96,"column":1}},"line":3},"1":{"name":"(anonymous_1)","decl":{"start":{"line":10,"column":8},"end":{"line":10,"column":9}},"loc":{"start":{"line":10,"column":32},"end":{"line":19,"column":9}},"line":10},"2":{"name":"(anonymous_2)","decl":{"start":{"line":21,"column":8},"end":{"line":21,"column":9}},"loc":{"start":{"line":21,"column":33},"end":{"line":38,"column":9}},"line":21},"3":{"name":"(anonymous_3)","decl":{"start":{"line":40,"column":8},"end":{"line":40,"column":9}},"loc":{"start":{"line":40,"column":31},"end":{"line":54,"column":9}},"line":40},"4":{"name":"(anonymous_4)","decl":{"start":{"line":56,"column":8},"end":{"line":56,"column":9}},"loc":{"start":{"line":56,"column":28},"end":{"line":73,"column":9}},"line":56},"5":{"name":"(anonymous_5)","decl":{"start":{"line":75,"column":8},"end":{"line":75,"column":9}},"loc":{"start":{"line":75,"column":31},"end":{"line":87,"column":9}},"line":75},"6":{"name":"(anonymous_6)","decl":{"start":{"line":89,"column":8},"end":{"line":89,"column":9}},"loc":{"start":{"line":89,"column":31},"end":{"line":92,"column":9}},"line":89}},"branchMap":{"0":{"loc":{"start":{"line":79,"column":16},"end":{"line":81,"column":17}},"type":"if","locations":[{"start":{"line":79,"column":16},"end":{"line":81,"column":17}},{"start":{"line":79,"column":16},"end":{"line":81,"column":17}}],"line":79}},"s":{"0":2,"1":2,"2":2,"3":2,"4":1,"5":1,"6":1,"7":0,"8":0,"9":1,"10":1,"11":1,"12":0,"13":0,"14":10,"15":10,"16":10,"17":10,"18":0,"19":0,"20":1,"21":1,"22":1,"23":1,"24":1,"25":0,"26":0,"27":1,"28":1,"29":1,"30":0,"31":1,"32":0,"33":0,"34":0,"35":0,"36":2},"f":{"0":2,"1":1,"2":1,"3":10,"4":1,"5":1,"6":0},"b":{"0":[0,1]},"_coverageSchema":"1a1c01bbd47fc00a2c39e90264f33305004495a9","hash":"6e25a0e6ae5f729495e1c9767330a6d5b478aaa0"}
,"D:\\Enterprise\\sequelize-and-node\\models\\index.js": {"path":"D:\\Enterprise\\sequelize-and-node\\models\\index.js","statementMap":{"0":{"start":{"line":3,"column":11},"end":{"line":3,"column":24}},"1":{"start":{"line":4,"column":13},"end":{"line":4,"column":28}},"2":{"start":{"line":5,"column":18},"end":{"line":5,"column":38}},"3":{"start":{"line":6,"column":17},"end":{"line":6,"column":42}},"4":{"start":{"line":7,"column":12},"end":{"line":7,"column":49}},"5":{"start":{"line":8,"column":15},"end":{"line":8,"column":65}},"6":{"start":{"line":9,"column":11},"end":{"line":9,"column":13}},"7":{"start":{"line":12,"column":0},"end":{"line":18,"column":1}},"8":{"start":{"line":13,"column":2},"end":{"line":13,"column":53}},"9":{"start":{"line":14,"column":2},"end":{"line":14,"column":74}},"10":{"start":{"line":15,"column":7},"end":{"line":18,"column":1}},"11":{"start":{"line":16,"column":2},"end":{"line":16,"column":63}},"12":{"start":{"line":17,"column":2},"end":{"line":17,"column":87}},"13":{"start":{"line":21,"column":0},"end":{"line":29,"column":5}},"14":{"start":{"line":24,"column":4},"end":{"line":24,"column":90}},"15":{"start":{"line":27,"column":18},"end":{"line":27,"column":85}},"16":{"start":{"line":28,"column":4},"end":{"line":28,"column":27}},"17":{"start":{"line":31,"column":0},"end":{"line":35,"column":3}},"18":{"start":{"line":32,"column":2},"end":{"line":34,"column":3}},"19":{"start":{"line":33,"column":4},"end":{"line":33,"column":32}},"20":{"start":{"line":37,"column":0},"end":{"line":37,"column":25}},"21":{"start":{"line":38,"column":0},"end":{"line":38,"column":25}},"22":{"start":{"line":40,"column":0},"end":{"line":40,"column":20}}},"fnMap":{"0":{"name":"(anonymous_0)","decl":{"start":{"line":23,"column":10},"end":{"line":23,"column":11}},"loc":{"start":{"line":23,"column":18},"end":{"line":25,"column":3}},"line":23},"1":{"name":"(anonymous_1)","decl":{"start":{"line":26,"column":11},"end":{"line":26,"column":12}},"loc":{"start":{"line":26,"column":19},"end":{"line":29,"column":3}},"line":26},"2":{"name":"(anonymous_2)","decl":{"start":{"line":31,"column":24},"end":{"line":31,"column":25}},"loc":{"start":{"line":31,"column":37},"end":{"line":35,"column":1}},"line":31}},"branchMap":{"0":{"loc":{"start":{"line":7,"column":12},"end":{"line":7,"column":49}},"type":"binary-expr","locations":[{"start":{"line":7,"column":12},"end":{"line":7,"column":32}},{"start":{"line":7,"column":36},"end":{"line":7,"column":49}}],"line":7},"1":{"loc":{"start":{"line":12,"column":0},"end":{"line":18,"column":1}},"type":"if","locations":[{"start":{"line":12,"column":0},"end":{"line":18,"column":1}},{"start":{"line":12,"column":0},"end":{"line":18,"column":1}}],"line":12},"2":{"loc":{"start":{"line":15,"column":7},"end":{"line":18,"column":1}},"type":"if","locations":[{"start":{"line":15,"column":7},"end":{"line":18,"column":1}},{"start":{"line":15,"column":7},"end":{"line":18,"column":1}}],"line":15},"3":{"loc":{"start":{"line":24,"column":11},"end":{"line":24,"column":89}},"type":"binary-expr","locations":[{"start":{"line":24,"column":12},"end":{"line":24,"column":35}},{"start":{"line":24,"column":41},"end":{"line":24,"column":58}},{"start":{"line":24,"column":64},"end":{"line":24,"column":88}}],"line":24},"4":{"loc":{"start":{"line":32,"column":2},"end":{"line":34,"column":3}},"type":"if","locations":[{"start":{"line":32,"column":2},"end":{"line":34,"column":3}},{"start":{"line":32,"column":2},"end":{"line":34,"column":3}}],"line":32}},"s":{"0":2,"1":2,"2":2,"3":2,"4":2,"5":2,"6":2,"7":2,"8":0,"9":0,"10":2,"11":2,"12":2,"13":2,"14":6,"15":4,"16":4,"17":2,"18":4,"19":4,"20":2,"21":2,"22":2},"f":{"0":6,"1":4,"2":4},"b":{"0":[2,0],"1":[0,2],"2":[2,0],"3":[6,6,4],"4":[4,0]},"_coverageSchema":"1a1c01bbd47fc00a2c39e90264f33305004495a9","hash":"6e1aa5a3d1e82fb5ee47c48730a8052c32306f15"}
,"D:\\Enterprise\\sequelize-and-node\\models\\language.js": {"path":"D:\\Enterprise\\sequelize-and-node\\models\\language.js","statementMap":{"0":{"start":{"line":4,"column":4},"end":{"line":4,"column":24}},"1":{"start":{"line":5,"column":0},"end":{"line":32,"column":2}},"2":{"start":{"line":14,"column":6},"end":{"line":17,"column":9}},"3":{"start":{"line":20,"column":2},"end":{"line":30,"column":5}},"4":{"start":{"line":31,"column":2},"end":{"line":31,"column":18}}},"fnMap":{"0":{"name":"(anonymous_0)","decl":{"start":{"line":5,"column":17},"end":{"line":5,"column":18}},"loc":{"start":{"line":5,"column":43},"end":{"line":32,"column":1}},"line":5},"1":{"name":"(anonymous_1)","decl":{"start":{"line":12,"column":4},"end":{"line":12,"column":5}},"loc":{"start":{"line":12,"column":29},"end":{"line":18,"column":5}},"line":12}},"branchMap":{},"s":{"0":2,"1":2,"2":2,"3":2,"4":2},"f":{"0":2,"1":2},"b":{},"_coverageSchema":"1a1c01bbd47fc00a2c39e90264f33305004495a9","hash":"5f13284d713ea7299040477d34c8bc389cb198a7"}
,"D:\\Enterprise\\sequelize-and-node\\models\\user.js": {"path":"D:\\Enterprise\\sequelize-and-node\\models\\user.js","statementMap":{"0":{"start":{"line":4,"column":4},"end":{"line":4,"column":24}},"1":{"start":{"line":5,"column":0},"end":{"line":27,"column":2}},"2":{"start":{"line":14,"column":6},"end":{"line":14,"column":85}},"3":{"start":{"line":17,"column":2},"end":{"line":25,"column":5}},"4":{"start":{"line":26,"column":2},"end":{"line":26,"column":14}}},"fnMap":{"0":{"name":"(anonymous_0)","decl":{"start":{"line":5,"column":17},"end":{"line":5,"column":18}},"loc":{"start":{"line":5,"column":43},"end":{"line":27,"column":1}},"line":5},"1":{"name":"(anonymous_1)","decl":{"start":{"line":12,"column":4},"end":{"line":12,"column":5}},"loc":{"start":{"line":12,"column":29},"end":{"line":15,"column":5}},"line":12}},"branchMap":{},"s":{"0":2,"1":2,"2":2,"3":2,"4":2},"f":{"0":2,"1":2},"b":{},"_coverageSchema":"1a1c01bbd47fc00a2c39e90264f33305004495a9","hash":"ae5cdcffa76f550641a4ce95bef17b070acfb218"}
,"D:\\Enterprise\\sequelize-and-node\\tests\\db.handle.js": {"path":"D:\\Enterprise\\sequelize-and-node\\tests\\db.handle.js","statementMap":{"0":{"start":{"line":1,"column":13},"end":{"line":1,"column":28}},"1":{"start":{"line":2,"column":13},"end":{"line":2,"column":58}},"2":{"start":{"line":4,"column":0},"end":{"line":37,"column":2}},"3":{"start":{"line":9,"column":12},"end":{"line":9,"column":192}},"4":{"start":{"line":12,"column":12},"end":{"line":12,"column":50}},"5":{"start":{"line":16,"column":12},"end":{"line":16,"column":48}},"6":{"start":{"line":20,"column":12},"end":{"line":20,"column":51}},"7":{"start":{"line":24,"column":11},"end":{"line":33,"column":12}},"8":{"start":{"line":25,"column":42},"end":{"line":25,"column":61}},"9":{"start":{"line":27,"column":15},"end":{"line":29,"column":16}},"10":{"start":{"line":28,"column":19},"end":{"line":28,"column":53}},"11":{"start":{"line":30,"column":15},"end":{"line":30,"column":48}},"12":{"start":{"line":36,"column":4},"end":{"line":36,"column":26}}},"fnMap":{"0":{"name":"(anonymous_0)","decl":{"start":{"line":4,"column":17},"end":{"line":4,"column":18}},"loc":{"start":{"line":4,"column":23},"end":{"line":37,"column":1}},"line":4},"1":{"name":"(anonymous_1)","decl":{"start":{"line":8,"column":8},"end":{"line":8,"column":9}},"loc":{"start":{"line":8,"column":21},"end":{"line":10,"column":9}},"line":8},"2":{"name":"(anonymous_2)","decl":{"start":{"line":11,"column":8},"end":{"line":11,"column":9}},"loc":{"start":{"line":11,"column":22},"end":{"line":13,"column":9}},"line":11},"3":{"name":"(anonymous_3)","decl":{"start":{"line":15,"column":8},"end":{"line":15,"column":9}},"loc":{"start":{"line":15,"column":20},"end":{"line":17,"column":9}},"line":15},"4":{"name":"(anonymous_4)","decl":{"start":{"line":19,"column":8},"end":{"line":19,"column":9}},"loc":{"start":{"line":19,"column":23},"end":{"line":21,"column":9}},"line":19},"5":{"name":"(anonymous_5)","decl":{"start":{"line":23,"column":8},"end":{"line":23,"column":9}},"loc":{"start":{"line":23,"column":27},"end":{"line":34,"column":9}},"line":23}},"branchMap":{"0":{"loc":{"start":{"line":27,"column":15},"end":{"line":29,"column":16}},"type":"if","locations":[{"start":{"line":27,"column":15},"end":{"line":29,"column":16}},{"start":{"line":27,"column":15},"end":{"line":29,"column":16}}],"line":27}},"s":{"0":2,"1":2,"2":2,"3":2,"4":20,"5":10,"6":10,"7":40,"8":40,"9":40,"10":0,"11":40,"12":2},"f":{"0":2,"1":2,"2":20,"3":10,"4":10,"5":40},"b":{"0":[0,40]},"_coverageSchema":"1a1c01bbd47fc00a2c39e90264f33305004495a9","hash":"039bc22cb988aa4988e0b172c6a7da35498e7fa1"}
}
