TN:
SF:server.js
FN:6,(anonymous_0)
FNF:1
FNH:0
FNDA:0,(anonymous_0)
DA:3,2
DA:5,2
DA:6,0
DA:7,0
DA:11,2
LF:5
LH:3
BRDA:5,0,0,0
BRDA:5,0,1,2
BRDA:6,1,0,0
BRDA:6,1,1,0
BRDA:7,2,0,0
BRDA:7,2,1,0
BRF:6
BRH:1
end_of_record
TN:
SF:app\auth.grade.js
FN:5,(anonymous_0)
FN:7,(anonymous_1)
FN:14,(anonymous_2)
FN:24,(anonymous_3)
FNF:4
FNH:3
FNDA:2,(anonymous_0)
FNDA:23,(anonymous_1)
FNDA:23,(anonymous_2)
FNDA:0,(anonymous_3)
DA:1,2
DA:3,2
DA:5,2
DA:9,23
DA:10,23
DA:11,23
DA:14,23
DA:15,23
DA:16,23
DA:17,23
DA:18,23
DA:26,0
DA:30,2
LF:13
LH:12
BRDA:10,0,0,23
BRDA:10,0,1,23
BRDA:11,1,0,0
BRDA:11,1,1,23
BRDA:16,2,0,0
BRDA:16,2,1,23
BRF:6
BRH:4
end_of_record
TN:
SF:app\index.js
FN:16,(anonymous_0)
FN:23,(anonymous_1)
FN:27,(anonymous_2)
FN:34,(anonymous_3)
FNF:4
FNH:4
FNDA:2,(anonymous_0)
FNDA:2,(anonymous_1)
FNDA:2,(anonymous_2)
FNDA:2,(anonymous_3)
DA:5,2
DA:6,2
DA:7,2
DA:8,2
DA:10,2
DA:11,2
DA:17,2
DA:18,2
DA:19,2
DA:20,2
DA:29,2
DA:30,2
DA:31,2
DA:35,2
DA:39,2
LF:15
LH:15
BRF:0
BRH:0
end_of_record
TN:
SF:app\routes\index.js
FN:3,(anonymous_0)
FNF:1
FNH:1
FNDA:2,(anonymous_0)
DA:3,2
DA:5,2
DA:6,2
LF:3
LH:3
BRF:0
BRH:0
end_of_record
TN:
SF:app\routes\languages.route.js
FN:3,(anonymous_0)
FNF:1
FNH:1
FNDA:2,(anonymous_0)
DA:3,2
DA:4,2
DA:5,2
DA:6,2
DA:7,2
DA:8,2
DA:9,2
LF:7
LH:7
BRF:0
BRH:0
end_of_record
TN:
SF:app\routes\users.route.js
FN:3,(anonymous_0)
FNF:1
FNH:1
FNDA:2,(anonymous_0)
DA:3,2
DA:4,2
DA:6,2
DA:7,2
DA:8,2
DA:9,2
DA:10,2
DA:11,2
LF:8
LH:8
BRF:0
BRH:0
end_of_record
TN:
SF:controllers\languages.controller.js
FN:5,(anonymous_0)
FN:12,(anonymous_1)
FN:23,(anonymous_2)
FN:42,(anonymous_3)
FN:60,(anonymous_4)
FN:81,(anonymous_5)
FNF:6
FNH:6
FNDA:2,(anonymous_0)
FNDA:1,(anonymous_1)
FNDA:1,(anonymous_2)
FNDA:5,(anonymous_3)
FNDA:1,(anonymous_4)
FNDA:1,(anonymous_5)
DA:5,2
DA:7,2
DA:8,2
DA:13,1
DA:14,1
DA:16,1
DA:18,0
DA:19,0
DA:24,1
DA:34,1
DA:35,1
DA:37,0
DA:38,0
DA:43,5
DA:44,5
DA:52,5
DA:53,5
DA:55,0
DA:56,0
DA:61,1
DA:63,1
DA:64,1
DA:73,1
DA:74,1
DA:76,0
DA:77,0
DA:82,1
DA:83,1
DA:85,1
DA:86,0
DA:88,1
DA:90,0
DA:91,0
DA:96,2
LF:34
LH:23
BRDA:85,0,0,0
BRDA:85,0,1,1
BRF:2
BRH:1
end_of_record
TN:
SF:controllers\users.controller.js
FN:3,(anonymous_0)
FN:10,(anonymous_1)
FN:21,(anonymous_2)
FN:40,(anonymous_3)
FN:56,(anonymous_4)
FN:75,(anonymous_5)
FN:89,(anonymous_6)
FNF:7
FNH:6
FNDA:2,(anonymous_0)
FNDA:1,(anonymous_1)
FNDA:1,(anonymous_2)
FNDA:10,(anonymous_3)
FNDA:1,(anonymous_4)
FNDA:1,(anonymous_5)
FNDA:0,(anonymous_6)
DA:3,2
DA:4,2
DA:5,2
DA:6,2
DA:11,1
DA:12,1
DA:14,1
DA:16,0
DA:17,0
DA:22,1
DA:32,1
DA:33,1
DA:35,0
DA:36,0
DA:41,10
DA:42,10
DA:48,10
DA:49,10
DA:51,0
DA:52,0
DA:57,1
DA:59,1
DA:60,1
DA:67,1
DA:68,1
DA:70,0
DA:71,0
DA:76,1
DA:77,1
DA:79,1
DA:80,0
DA:82,1
DA:84,0
DA:85,0
DA:90,0
DA:91,0
DA:95,2
LF:37
LH:24
BRDA:79,0,0,0
BRDA:79,0,1,1
BRF:2
BRH:1
end_of_record
TN:
SF:models\index.js
FN:23,(anonymous_0)
FN:26,(anonymous_1)
FN:31,(anonymous_2)
FNF:3
FNH:3
FNDA:6,(anonymous_0)
FNDA:4,(anonymous_1)
FNDA:4,(anonymous_2)
DA:3,2
DA:4,2
DA:5,2
DA:6,2
DA:7,2
DA:8,2
DA:9,2
DA:12,2
DA:13,0
DA:14,0
DA:15,2
DA:16,2
DA:17,2
DA:21,2
DA:24,6
DA:27,4
DA:28,4
DA:31,2
DA:32,4
DA:33,4
DA:37,2
DA:38,2
DA:40,2
LF:23
LH:21
BRDA:7,0,0,2
BRDA:7,0,1,0
BRDA:12,1,0,0
BRDA:12,1,1,2
BRDA:15,2,0,2
BRDA:15,2,1,0
BRDA:24,3,0,6
BRDA:24,3,1,6
BRDA:24,3,2,4
BRDA:32,4,0,4
BRDA:32,4,1,0
BRF:11
BRH:7
end_of_record
TN:
SF:models\language.js
FN:5,(anonymous_0)
FN:12,(anonymous_1)
FNF:2
FNH:2
FNDA:2,(anonymous_0)
FNDA:2,(anonymous_1)
DA:4,2
DA:5,2
DA:14,2
DA:20,2
DA:31,2
LF:5
LH:5
BRF:0
BRH:0
end_of_record
TN:
SF:models\user.js
FN:5,(anonymous_0)
FN:12,(anonymous_1)
FNF:2
FNH:2
FNDA:2,(anonymous_0)
FNDA:2,(anonymous_1)
DA:4,2
DA:5,2
DA:14,2
DA:17,2
DA:26,2
LF:5
LH:5
BRF:0
BRH:0
end_of_record
TN:
SF:tests\db.handle.js
FN:4,(anonymous_0)
FN:8,(anonymous_1)
FN:11,(anonymous_2)
FN:15,(anonymous_3)
FN:19,(anonymous_4)
FN:23,(anonymous_5)
FNF:6
FNH:6
FNDA:2,(anonymous_0)
FNDA:2,(anonymous_1)
FNDA:20,(anonymous_2)
FNDA:10,(anonymous_3)
FNDA:10,(anonymous_4)
FNDA:40,(anonymous_5)
DA:1,2
DA:2,2
DA:4,2
DA:9,2
DA:12,20
DA:16,10
DA:20,10
DA:24,40
DA:25,40
DA:27,40
DA:28,0
DA:30,40
DA:36,2
LF:13
LH:12
BRDA:27,0,0,0
BRDA:27,0,1,40
BRF:2
BRH:1
end_of_record
